<?xml version="1.0" encoding="UTF-8"?>
<!-- Generated by org.testng.reporters.JUnitReportReporter -->
<testsuite hostname="LP003536" failures="0" tests="1" name="ui.demomain" time="15.199" errors="0" timestamp="2023-09-26T18:13:36 IST" skipped="0">
  <testcase classname="ui.demomain" name="demorun" time="15.199"/>
</testsuite> <!-- ui.demomain -->
